# JRE version: OpenJDK Runtime Environment (11.0.8+10) (build 11.0.8+10-post-Ubuntu-0ubuntu118.04.1)
# Java VM: OpenJDK 64-Bit Server VM (11.0.8+10-post-Ubuntu-0ubuntu118.04.1, mixed mode, sharing, tiered, compressed oops, g1 gc, linux-amd64)
Heap:
 garbage-first heap   total 157696K, used 20181K [0x0000000085200000, 0x0000000100000000)
  region size 1024K, 15 young (15360K), 8 survivors (8192K)
 Metaspace       used 35475K, capacity 35878K, committed 36560K, reserved 1081344K
  class space    used 4465K, capacity 4622K, committed 4736K, reserved 1048576K
GC Heap History (14 events):
Event: 0,844 GC heap before
{Heap before GC invocations=0 (full 0):
 garbage-first heap   total 129024K, used 14020K [0x0000000085200000, 0x0000000100000000)
  region size 1024K, 14 young (14336K), 0 survivors (0K)
 Metaspace       used 3937K, capacity 5415K, committed 5760K, reserved 1056768K
  class space    used 395K, capacity 526K, committed 640K, reserved 1048576K
}
Event: 0,871 GC heap after
{Heap after GC invocations=1 (full 0):
 garbage-first heap   total 129024K, used 4781K [0x0000000085200000, 0x0000000100000000)
  region size 1024K, 2 young (2048K), 2 survivors (2048K)
 Metaspace       used 3937K, capacity 5415K, committed 5760K, reserved 1056768K
  class space    used 395K, capacity 526K, committed 640K, reserved 1048576K
}
Event: 1,395 GC heap before
{Heap before GC invocations=1 (full 0):
 garbage-first heap   total 129024K, used 16045K [0x0000000085200000, 0x0000000100000000)
  region size 1024K, 13 young (13312K), 2 survivors (2048K)
 Metaspace       used 7164K, capacity 7366K, committed 7552K, reserved 1056768K
  class space    used 794K, capacity 867K, committed 896K, reserved 1048576K
}
Event: 1,405 GC heap after
{Heap after GC invocations=2 (full 0):
 garbage-first heap   total 129024K, used 5312K [0x0000000085200000, 0x0000000100000000)
  region size 1024K, 1 young (1024K), 1 survivors (1024K)
 Metaspace       used 7164K, capacity 7366K, committed 7552K, reserved 1056768K
  class space    used 794K, capacity 867K, committed 896K, reserved 1048576K
}
Event: 2,296 GC heap before
{Heap before GC invocations=2 (full 0):
 garbage-first heap   total 129024K, used 42176K [0x0000000085200000, 0x0000000100000000)
  region size 1024K, 37 young (37888K), 1 survivors (1024K)
 Metaspace       used 12371K, capacity 12702K, committed 12800K, reserved 1060864K
  class space    used 1395K, capacity 1515K, committed 1536K, reserved 1048576K
}
Event: 2,303 GC heap after
{Heap after GC invocations=3 (full 0):
 garbage-first heap   total 129024K, used 6444K [0x0000000085200000, 0x0000000100000000)
  region size 1024K, 2 young (2048K), 2 survivors (2048K)
 Metaspace       used 12371K, capacity 12702K, committed 12800K, reserved 1060864K
  class space    used 1395K, capacity 1515K, committed 1536K, reserved 1048576K
}
Event: 2,854 GC heap before
{Heap before GC invocations=3 (full 0):
 garbage-first heap   total 129024K, used 55596K [0x0000000085200000, 0x0000000100000000)
  region size 1024K, 51 young (52224K), 2 survivors (2048K)
 Metaspace       used 15224K, capacity 15628K, committed 15744K, reserved 1062912K
  class space    used 1778K, capacity 1913K, committed 1920K, reserved 1048576K
}
Event: 2,865 GC heap after
{Heap after GC invocations=4 (full 0):
 garbage-first heap   total 129024K, used 7639K [0x0000000085200000, 0x0000000100000000)
  region size 1024K, 3 young (3072K), 3 survivors (3072K)
 Metaspace       used 15224K, capacity 15628K, committed 15744K, reserved 1062912K
  class space    used 1778K, capacity 1913K, committed 1920K, reserved 1048576K
}
Event: 3,680 GC heap before
{Heap before GC invocations=4 (full 0):
 garbage-first heap   total 129024K, used 50647K [0x0000000085200000, 0x0000000100000000)
  region size 1024K, 46 young (47104K), 3 survivors (3072K)
 Metaspace       used 20785K, capacity 21137K, committed 21296K, reserved 1069056K
  class space    used 2477K, capacity 2618K, committed 2688K, reserved 1048576K
}
Event: 3,700 GC heap after
{Heap after GC invocations=5 (full 0):
 garbage-first heap   total 157696K, used 10039K [0x0000000085200000, 0x0000000100000000)
  region size 1024K, 6 young (6144K), 6 survivors (6144K)
 Metaspace       used 20785K, capacity 21137K, committed 21296K, reserved 1069056K
  class space    used 2477K, capacity 2618K, committed 2688K, reserved 1048576K
}
Event: 5,189 GC heap before
{Heap before GC invocations=6 (full 0):
 garbage-first heap   total 157696K, used 78647K [0x0000000085200000, 0x0000000100000000)
  region size 1024K, 73 young (74752K), 6 survivors (6144K)
 Metaspace       used 28752K, capacity 29212K, committed 29616K, reserved 1075200K
  class space    used 3581K, capacity 3749K, committed 3840K, reserved 1048576K
}
Event: 5,215 GC heap after
{Heap after GC invocations=7 (full 0):
 garbage-first heap   total 157696K, used 12224K [0x0000000085200000, 0x0000000100000000)
  region size 1024K, 7 young (7168K), 7 survivors (7168K)
 Metaspace       used 28752K, capacity 29212K, committed 29616K, reserved 1075200K
  class space    used 3581K, capacity 3749K, committed 3840K, reserved 1048576K
}
Event: 17,651 GC heap before
{Heap before GC invocations=7 (full 0):
 garbage-first heap   total 157696K, used 89024K [0x0000000085200000, 0x0000000100000000)
  region size 1024K, 84 young (86016K), 7 survivors (7168K)
 Metaspace       used 35107K, capacity 35514K, committed 35920K, reserved 1081344K
  class space    used 4418K, capacity 4588K, committed 4608K, reserved 1048576K
}
Event: 17,670 GC heap after
{Heap after GC invocations=8 (full 0):
 garbage-first heap   total 157696K, used 14037K [0x0000000085200000, 0x0000000100000000)
  region size 1024K, 8 young (8192K), 8 survivors (8192K)
 Metaspace       used 35107K, capacity 35514K, committed 35920K, reserved 1081344K
  class space    used 4418K, capacity 4588K, committed 4608K, reserved 1048576K
}

